TN:
SF:src/router.ts
FN:26,(anonymous_0)
FN:41,(anonymous_1)
FNF:2
FNH:2
FNDA:3,(anonymous_0)
FNDA:5,(anonymous_1)
DA:1,2
DA:3,2
DA:4,2
DA:5,2
DA:7,2
DA:10,2
DA:11,2
DA:19,2
DA:26,3
DA:33,2
DA:41,5
DA:50,2
DA:56,2
DA:62,2
LF:14
LH:14
BRF:0
BRH:0
end_of_record
TN:
SF:src/server.ts
FN:6,connectDB
FN:27,(anonymous_2)
FNF:2
FNH:2
FNDA:3,connectDB
FNDA:1,(anonymous_2)
DA:1,2
DA:2,2
DA:3,2
DA:6,2
DA:7,3
DA:8,3
DA:9,2
DA:12,1
DA:13,1
DA:17,2
DA:20,2
DA:23,2
DA:25,2
DA:27,2
DA:28,1
DA:31,2
LF:16
LH:16
BRF:0
BRH:0
end_of_record
TN:
SF:src/config/db.ts
FNF:0
FNH:0
DA:1,2
DA:2,2
DA:3,2
DA:5,2
DA:10,2
LF:5
LH:5
BRF:0
BRH:0
end_of_record
TN:
SF:src/handlers/product.ts
FN:7,(anonymous_1)
FN:16,(anonymous_2)
FN:29,(anonymous_3)
FN:47,(anonymous_4)
FN:65,(anonymous_5)
FN:83,(anonymous_6)
FNF:6
FNH:6
FNDA:2,(anonymous_1)
FNDA:2,(anonymous_2)
FNDA:1,(anonymous_3)
FNDA:2,(anonymous_4)
FNDA:2,(anonymous_5)
FNDA:2,(anonymous_6)
DA:5,2
DA:7,2
DA:8,2
DA:13,2
DA:16,2
DA:17,2
DA:18,2
DA:20,2
DA:21,1
DA:26,1
DA:29,2
DA:43,1
DA:44,1
DA:47,2
DA:48,2
DA:49,2
DA:51,2
DA:52,1
DA:58,1
DA:60,1
DA:62,1
DA:65,2
DA:66,2
DA:67,2
DA:69,2
DA:70,1
DA:76,1
DA:78,1
DA:80,1
DA:83,2
DA:84,2
DA:85,2
DA:87,2
DA:88,1
DA:93,1
DA:94,1
LF:36
LH:36
BRDA:20,0,0,1
BRDA:20,0,1,1
BRDA:51,1,0,1
BRDA:51,1,1,1
BRDA:69,2,0,1
BRDA:69,2,1,1
BRDA:87,3,0,1
BRDA:87,3,1,1
BRF:8
BRH:8
end_of_record
TN:
SF:src/middleware/index.ts
FN:4,(anonymous_0)
FNF:1
FNH:1
FNDA:16,(anonymous_0)
DA:2,2
DA:4,2
DA:5,16
DA:6,16
DA:7,7
DA:10,9
LF:6
LH:6
BRDA:6,0,0,7
BRDA:6,0,1,9
BRF:2
BRH:2
end_of_record
TN:
SF:src/models/Product.model.ts
FNF:0
FNH:0
DA:1,3
DA:7,3
DA:12,3
DA:17,3
DA:23,3
DA:26,3
LF:6
LH:6
BRF:0
BRH:0
end_of_record
